Using pre-set license

 COMMAND LINE ARGUMENTS:
/Applications/Unity/Hub/Editor/2020.2.2f1/Unity.app/Contents/MacOS/Unity
-adb2
-batchMode
-noUpm
-name
AssetImportWorker0
-projectPath
/Users/ninjabowditch/Documents/GitHub/gamedev1/LevelBlocking
-logFile
Logs/AssetImportWorker0.log
-srvPort
59477
Successfully changed project path to: /Users/ninjabowditch/Documents/GitHub/gamedev1/LevelBlocking
/Users/ninjabowditch/Documents/GitHub/gamedev1/LevelBlocking
Using Asset Import Pipeline V2.
Refreshing native plugins compatible for Editor in 35.39 ms, found 1 plugins.
Preloading 0 native plugins for Editor in 0.00 ms.
Initialize engine version: 2020.2.2f1 (068178b99f32)
[Subsystems] Discovering subsystems at path /Applications/Unity/Hub/Editor/2020.2.2f1/Unity.app/Contents/Resources/UnitySubsystems
[Subsystems] Discovering subsystems at path /Users/ninjabowditch/Documents/GitHub/gamedev1/LevelBlocking/Assets
GfxDevice: creating device client; threaded=0
2021-02-19 08:55:53.168 Unity[23383:343858] Color LCD preferred device: Intel(R) UHD Graphics 630 (low power)
2021-02-19 08:55:53.168 Unity[23383:343858] Metal devices available: 2
2021-02-19 08:55:53.168 Unity[23383:343858] 0: AMD Radeon Pro 560X (high power)
2021-02-19 08:55:53.168 Unity[23383:343858] 1: Intel(R) UHD Graphics 630 (low power)
2021-02-19 08:55:53.168 Unity[23383:343858] Using device AMD Radeon Pro 560X (high power)
Initializing Metal device caps: AMD Radeon Pro 560X
Initialize mono
Mono path[0] = '/Applications/Unity/Hub/Editor/2020.2.2f1/Unity.app/Contents/Managed'
Mono path[1] = '/Applications/Unity/Hub/Editor/2020.2.2f1/Unity.app/Contents/MonoBleedingEdge/lib/mono/unityjit'
Mono config path = '/Applications/Unity/Hub/Editor/2020.2.2f1/Unity.app/Contents/MonoBleedingEdge/etc'
Using monoOptions --debugger-agent=transport=dt_socket,embedding=1,server=y,suspend=n,address=127.0.0.1:56383
Begin MonoManager ReloadAssembly
Registering precompiled unity dll's ...
Register platform support module: /Applications/Unity/Hub/Editor/2020.2.2f1/PlaybackEngines/WebGLSupport/UnityEditor.WebGL.Extensions.dll
Register platform support module: /Applications/Unity/Hub/Editor/2020.2.2f1/Unity.app/Contents/PlaybackEngines/MacStandaloneSupport/UnityEditor.OSXStandalone.Extensions.dll
Register platform support module: /Applications/Unity/Hub/Editor/2020.2.2f1/PlaybackEngines/WindowsStandaloneSupport/UnityEditor.WindowsStandalone.Extensions.dll
Register platform support module: /Applications/Unity/Hub/Editor/2020.2.2f1/PlaybackEngines/LuminSupport/UnityEditor.Lumin.Extensions.dll
Registered in 0.003389 seconds.
Native extension for Lumin target not found
Native extension for WindowsStandalone target not found
Native extension for OSXStandalone target not found
Native extension for WebGL target not found
Refreshing native plugins compatible for Editor in 28.96 ms, found 1 plugins.
Preloading 0 native plugins for Editor in 0.00 ms.
Invoked RoslynAnalysisRunner static constructor.
RoslynAnalysisRunner will not be running.
RoslynAnalysisRunner has terminated.
Mono: successfully reloaded assembly
- Completed reload, in  2.962 seconds
Platform modules already initialized, skipping
Registering precompiled user dll's ...
Registered in 0.001258 seconds.
Begin MonoManager ReloadAssembly
Native extension for Lumin target not found
Native extension for WindowsStandalone target not found
Native extension for OSXStandalone target not found
Native extension for WebGL target not found
Refreshing native plugins compatible for Editor in 0.25 ms, found 1 plugins.
Preloading 0 native plugins for Editor in 0.00 ms.
Invoked RoslynAnalysisRunner static constructor.
RoslynAnalysisRunner will not be running.
RoslynAnalysisRunner has terminated.
Mono: successfully reloaded assembly
- Completed reload, in  1.157 seconds
Platform modules already initialized, skipping
========================================================================
Worker process is ready to serve import requests
Launching external process: /Applications/Unity/Hub/Editor/2020.2.2f1/Unity.app/Contents/Tools/UnityShaderCompiler
Launched and connected shader compiler UnityShaderCompiler after 0.01 seconds
Refreshing native plugins compatible for Editor in 0.26 ms, found 1 plugins.
Preloading 0 native plugins for Editor in 0.00 ms.
Unloading 1471 Unused Serialized files (Serialized files now loaded: 0)
System memory in use before: 132.4 MB.
System memory in use after: 132.5 MB.

Unloading 69 unused Assets to reduce memory usage. Loaded Objects now: 1906.
Total: 3.250462 ms (FindLiveObjects: 0.212616 ms CreateObjectMapping: 0.065651 ms MarkObjects: 2.757942 ms  DeleteObjects: 0.212928 ms)

========================================================================
Received Import Request.
  path: Assets/Thirdparty/Gridbox Prototype Materials/Resources/ProBuilder Data/Default Material Palette.asset
  artifactKey: Guid(39f9431b0af4d4270a60abb456e90100) Importer(815301076,1909f56bfc062723c751e8b465ee728b)
Start importing Assets/Thirdparty/Gridbox Prototype Materials/Resources/ProBuilder Data/Default Material Palette.asset using Guid(39f9431b0af4d4270a60abb456e90100) Importer(815301076,1909f56bfc062723c751e8b465ee728b)  -> (artifact id: '4fa373558a4421589d8b5d13878bff91') in 1.065040 seconds
  Import took 1.069166 seconds .

========================================================================
Received Import Request.
  Time since last request: 8.594632 seconds.
  path: Packages/com.unity.probuilder/package.json
  artifactKey: Guid(7958ca6fdf895ca498c5fab155f0b0f1) Importer(815301076,1909f56bfc062723c751e8b465ee728b)
Start importing Packages/com.unity.probuilder/package.json using Guid(7958ca6fdf895ca498c5fab155f0b0f1) Importer(815301076,1909f56bfc062723c751e8b465ee728b)  -> (artifact id: '1f616b2a28afce1066223ffde495a43a') in 1.976246 seconds
  Import took 1.979999 seconds .

========================================================================
Received Import Request.
  Time since last request: 2.523662 seconds.
  path: Packages/com.unity.probuilder/Content
  artifactKey: Guid(04a0feda657064ccbb5cc36319dfcf16) Importer(815301076,1909f56bfc062723c751e8b465ee728b)
Start importing Packages/com.unity.probuilder/Content using Guid(04a0feda657064ccbb5cc36319dfcf16) Importer(815301076,1909f56bfc062723c751e8b465ee728b)  -> (artifact id: '528092d2839b526767ba49145abfb35a') in 0.001302 seconds
  Import took 0.004106 seconds .

========================================================================
Received Import Request.
  Time since last request: 1.295724 seconds.
  path: Packages/com.unity.probuilder/Content/Shader
  artifactKey: Guid(5df5a982723854050988cf6a154ce9af) Importer(815301076,1909f56bfc062723c751e8b465ee728b)
Start importing Packages/com.unity.probuilder/Content/Shader using Guid(5df5a982723854050988cf6a154ce9af) Importer(815301076,1909f56bfc062723c751e8b465ee728b)  -> (artifact id: '9a10785ad0615a89cae9aa3836fe48c3') in 0.001228 seconds
  Import took 0.003915 seconds .

========================================================================
Received Import Request.
  Time since last request: 13.249217 seconds.
  path: Packages/com.unity.probuilder/Content/Shader/ProBuilderCG.cginc
  artifactKey: Guid(6aba455f32e574b6e86ede4acd901efa) Importer(815301076,1909f56bfc062723c751e8b465ee728b)
Start importing Packages/com.unity.probuilder/Content/Shader/ProBuilderCG.cginc using Guid(6aba455f32e574b6e86ede4acd901efa) Importer(815301076,1909f56bfc062723c751e8b465ee728b)  -> (artifact id: '5f7b8221252e88fa6d363ef22c44782a') in 0.419290 seconds
  Import took 0.422097 seconds .

========================================================================
Received Import Request.
  Time since last request: 16355.736163 seconds.
  path: Packages/com.unity.ide.rider/package.json
  artifactKey: Guid(66c95bb3c74257f41bae2622511dc02d) Importer(815301076,1909f56bfc062723c751e8b465ee728b)
Start importing Packages/com.unity.ide.rider/package.json using Guid(66c95bb3c74257f41bae2622511dc02d) Importer(815301076,1909f56bfc062723c751e8b465ee728b)  -> (artifact id: '78ca40f4615ab8d7a307f38dca958894') in 0.031096 seconds
  Import took 0.050026 seconds .

